

Started GET "/" for ::1 at 2016-06-12 11:53:39 -0700

ActiveRecord::NoDatabaseError (FATAL:  database "split-it" does not exist
):
  activerecord (4.2.6) lib/active_record/connection_adapters/postgresql_adapter.rb:661:in `rescue in connect'
  activerecord (4.2.6) lib/active_record/connection_adapters/postgresql_adapter.rb:651:in `connect'
  activerecord (4.2.6) lib/active_record/connection_adapters/postgresql_adapter.rb:242:in `initialize'
  activerecord (4.2.6) lib/active_record/connection_adapters/postgresql_adapter.rb:44:in `new'
  activerecord (4.2.6) lib/active_record/connection_adapters/postgresql_adapter.rb:44:in `postgresql_connection'
  activerecord (4.2.6) lib/active_record/connection_adapters/abstract/connection_pool.rb:438:in `new_connection'
  activerecord (4.2.6) lib/active_record/connection_adapters/abstract/connection_pool.rb:448:in `checkout_new_connection'
  activerecord (4.2.6) lib/active_record/connection_adapters/abstract/connection_pool.rb:422:in `acquire_connection'
  activerecord (4.2.6) lib/active_record/connection_adapters/abstract/connection_pool.rb:349:in `block in checkout'
  /Users/pengjunp/.rvm/rubies/ruby-2.3.0/lib/ruby/2.3.0/monitor.rb:214:in `mon_synchronize'
  activerecord (4.2.6) lib/active_record/connection_adapters/abstract/connection_pool.rb:348:in `checkout'
  activerecord (4.2.6) lib/active_record/connection_adapters/abstract/connection_pool.rb:263:in `block in connection'
  /Users/pengjunp/.rvm/rubies/ruby-2.3.0/lib/ruby/2.3.0/monitor.rb:214:in `mon_synchronize'
  activerecord (4.2.6) lib/active_record/connection_adapters/abstract/connection_pool.rb:262:in `connection'
  activerecord (4.2.6) lib/active_record/connection_adapters/abstract/connection_pool.rb:571:in `retrieve_connection'
  activerecord (4.2.6) lib/active_record/connection_handling.rb:113:in `retrieve_connection'
  activerecord (4.2.6) lib/active_record/connection_handling.rb:87:in `connection'
  activerecord (4.2.6) lib/active_record/migration.rb:383:in `connection'
  activerecord (4.2.6) lib/active_record/migration.rb:370:in `call'
  actionpack (4.2.6) lib/action_dispatch/middleware/callbacks.rb:29:in `block in call'
  activesupport (4.2.6) lib/active_support/callbacks.rb:88:in `__run_callbacks__'
  activesupport (4.2.6) lib/active_support/callbacks.rb:778:in `_run_call_callbacks'
  activesupport (4.2.6) lib/active_support/callbacks.rb:81:in `run_callbacks'
  actionpack (4.2.6) lib/action_dispatch/middleware/callbacks.rb:27:in `call'
  actionpack (4.2.6) lib/action_dispatch/middleware/reloader.rb:73:in `call'
  actionpack (4.2.6) lib/action_dispatch/middleware/remote_ip.rb:78:in `call'
  actionpack (4.2.6) lib/action_dispatch/middleware/debug_exceptions.rb:17:in `call'
  web-console (2.3.0) lib/web_console/middleware.rb:28:in `block in call'
  web-console (2.3.0) lib/web_console/middleware.rb:18:in `catch'
  web-console (2.3.0) lib/web_console/middleware.rb:18:in `call'
  actionpack (4.2.6) lib/action_dispatch/middleware/show_exceptions.rb:30:in `call'
  railties (4.2.6) lib/rails/rack/logger.rb:38:in `call_app'
  railties (4.2.6) lib/rails/rack/logger.rb:20:in `block in call'
  activesupport (4.2.6) lib/active_support/tagged_logging.rb:68:in `block in tagged'
  activesupport (4.2.6) lib/active_support/tagged_logging.rb:26:in `tagged'
  activesupport (4.2.6) lib/active_support/tagged_logging.rb:68:in `tagged'
  railties (4.2.6) lib/rails/rack/logger.rb:20:in `call'
  actionpack (4.2.6) lib/action_dispatch/middleware/request_id.rb:21:in `call'
  rack (1.6.4) lib/rack/methodoverride.rb:22:in `call'
  rack (1.6.4) lib/rack/runtime.rb:18:in `call'
  activesupport (4.2.6) lib/active_support/cache/strategy/local_cache_middleware.rb:28:in `call'
  rack (1.6.4) lib/rack/lock.rb:17:in `call'
  actionpack (4.2.6) lib/action_dispatch/middleware/static.rb:120:in `call'
  rack (1.6.4) lib/rack/sendfile.rb:113:in `call'
  railties (4.2.6) lib/rails/engine.rb:518:in `call'
  railties (4.2.6) lib/rails/application.rb:165:in `call'
  rack (1.6.4) lib/rack/lock.rb:17:in `call'
  rack (1.6.4) lib/rack/content_length.rb:15:in `call'
  rack (1.6.4) lib/rack/handler/webrick.rb:88:in `service'
  /Users/pengjunp/.rvm/rubies/ruby-2.3.0/lib/ruby/2.3.0/webrick/httpserver.rb:140:in `service'
  /Users/pengjunp/.rvm/rubies/ruby-2.3.0/lib/ruby/2.3.0/webrick/httpserver.rb:96:in `run'
  /Users/pengjunp/.rvm/rubies/ruby-2.3.0/lib/ruby/2.3.0/webrick/server.rb:296:in `block in start_thread'


  Rendered /Users/pengjunp/.rvm/rubies/ruby-2.3.0/lib/ruby/gems/2.3.0/gems/actionpack-4.2.6/lib/action_dispatch/middleware/templates/rescues/_source.erb (6.5ms)
  Rendered /Users/pengjunp/.rvm/rubies/ruby-2.3.0/lib/ruby/gems/2.3.0/gems/actionpack-4.2.6/lib/action_dispatch/middleware/templates/rescues/_trace.html.erb (2.5ms)
  Rendered /Users/pengjunp/.rvm/rubies/ruby-2.3.0/lib/ruby/gems/2.3.0/gems/actionpack-4.2.6/lib/action_dispatch/middleware/templates/rescues/_request_and_response.html.erb (1.1ms)
  Rendered /Users/pengjunp/.rvm/rubies/ruby-2.3.0/lib/ruby/gems/2.3.0/gems/actionpack-4.2.6/lib/action_dispatch/middleware/templates/rescues/diagnostics.html.erb within rescues/layout (69.6ms)
  Rendered /Users/pengjunp/.rvm/rubies/ruby-2.3.0/lib/ruby/gems/2.3.0/gems/web-console-2.3.0/lib/web_console/templates/_markup.html.erb (0.6ms)
  Rendered /Users/pengjunp/.rvm/rubies/ruby-2.3.0/lib/ruby/gems/2.3.0/gems/web-console-2.3.0/lib/web_console/templates/_inner_console_markup.html.erb within layouts/inlined_string (0.3ms)
  Rendered /Users/pengjunp/.rvm/rubies/ruby-2.3.0/lib/ruby/gems/2.3.0/gems/web-console-2.3.0/lib/web_console/templates/_prompt_box_markup.html.erb within layouts/inlined_string (0.4ms)
  Rendered /Users/pengjunp/.rvm/rubies/ruby-2.3.0/lib/ruby/gems/2.3.0/gems/web-console-2.3.0/lib/web_console/templates/style.css.erb within layouts/inlined_string (0.3ms)
  Rendered /Users/pengjunp/.rvm/rubies/ruby-2.3.0/lib/ruby/gems/2.3.0/gems/web-console-2.3.0/lib/web_console/templates/console.js.erb within layouts/javascript (385.4ms)
  Rendered /Users/pengjunp/.rvm/rubies/ruby-2.3.0/lib/ruby/gems/2.3.0/gems/web-console-2.3.0/lib/web_console/templates/main.js.erb within layouts/javascript (0.4ms)
  Rendered /Users/pengjunp/.rvm/rubies/ruby-2.3.0/lib/ruby/gems/2.3.0/gems/web-console-2.3.0/lib/web_console/templates/error_page.js.erb within layouts/javascript (0.5ms)
  Rendered /Users/pengjunp/.rvm/rubies/ruby-2.3.0/lib/ruby/gems/2.3.0/gems/web-console-2.3.0/lib/web_console/templates/index.html.erb (463.9ms)


Started GET "/" for ::1 at 2016-06-12 11:53:39 -0700

ActiveRecord::NoDatabaseError (FATAL:  database "split-it" does not exist
):
  activerecord (4.2.6) lib/active_record/connection_adapters/postgresql_adapter.rb:661:in `rescue in connect'
  activerecord (4.2.6) lib/active_record/connection_adapters/postgresql_adapter.rb:651:in `connect'
  activerecord (4.2.6) lib/active_record/connection_adapters/postgresql_adapter.rb:242:in `initialize'
  activerecord (4.2.6) lib/active_record/connection_adapters/postgresql_adapter.rb:44:in `new'
  activerecord (4.2.6) lib/active_record/connection_adapters/postgresql_adapter.rb:44:in `postgresql_connection'
  activerecord (4.2.6) lib/active_record/connection_adapters/abstract/connection_pool.rb:438:in `new_connection'
  activerecord (4.2.6) lib/active_record/connection_adapters/abstract/connection_pool.rb:448:in `checkout_new_connection'
  activerecord (4.2.6) lib/active_record/connection_adapters/abstract/connection_pool.rb:422:in `acquire_connection'
  activerecord (4.2.6) lib/active_record/connection_adapters/abstract/connection_pool.rb:349:in `block in checkout'
  /Users/pengjunp/.rvm/rubies/ruby-2.3.0/lib/ruby/2.3.0/monitor.rb:214:in `mon_synchronize'
  activerecord (4.2.6) lib/active_record/connection_adapters/abstract/connection_pool.rb:348:in `checkout'
  activerecord (4.2.6) lib/active_record/connection_adapters/abstract/connection_pool.rb:263:in `block in connection'
  /Users/pengjunp/.rvm/rubies/ruby-2.3.0/lib/ruby/2.3.0/monitor.rb:214:in `mon_synchronize'
  activerecord (4.2.6) lib/active_record/connection_adapters/abstract/connection_pool.rb:262:in `connection'
  activerecord (4.2.6) lib/active_record/connection_adapters/abstract/connection_pool.rb:571:in `retrieve_connection'
  activerecord (4.2.6) lib/active_record/connection_handling.rb:113:in `retrieve_connection'
  activerecord (4.2.6) lib/active_record/connection_handling.rb:87:in `connection'
  activerecord (4.2.6) lib/active_record/migration.rb:383:in `connection'
  activerecord (4.2.6) lib/active_record/migration.rb:370:in `call'
  actionpack (4.2.6) lib/action_dispatch/middleware/callbacks.rb:29:in `block in call'
  activesupport (4.2.6) lib/active_support/callbacks.rb:88:in `__run_callbacks__'
  activesupport (4.2.6) lib/active_support/callbacks.rb:778:in `_run_call_callbacks'
  activesupport (4.2.6) lib/active_support/callbacks.rb:81:in `run_callbacks'
  actionpack (4.2.6) lib/action_dispatch/middleware/callbacks.rb:27:in `call'
  actionpack (4.2.6) lib/action_dispatch/middleware/reloader.rb:73:in `call'
  actionpack (4.2.6) lib/action_dispatch/middleware/remote_ip.rb:78:in `call'
  actionpack (4.2.6) lib/action_dispatch/middleware/debug_exceptions.rb:17:in `call'
  web-console (2.3.0) lib/web_console/middleware.rb:28:in `block in call'
  web-console (2.3.0) lib/web_console/middleware.rb:18:in `catch'
  web-console (2.3.0) lib/web_console/middleware.rb:18:in `call'
  actionpack (4.2.6) lib/action_dispatch/middleware/show_exceptions.rb:30:in `call'
  railties (4.2.6) lib/rails/rack/logger.rb:38:in `call_app'
  railties (4.2.6) lib/rails/rack/logger.rb:20:in `block in call'
  activesupport (4.2.6) lib/active_support/tagged_logging.rb:68:in `block in tagged'
  activesupport (4.2.6) lib/active_support/tagged_logging.rb:26:in `tagged'
  activesupport (4.2.6) lib/active_support/tagged_logging.rb:68:in `tagged'
  railties (4.2.6) lib/rails/rack/logger.rb:20:in `call'
  actionpack (4.2.6) lib/action_dispatch/middleware/request_id.rb:21:in `call'
  rack (1.6.4) lib/rack/methodoverride.rb:22:in `call'
  rack (1.6.4) lib/rack/runtime.rb:18:in `call'
  activesupport (4.2.6) lib/active_support/cache/strategy/local_cache_middleware.rb:28:in `call'
  rack (1.6.4) lib/rack/lock.rb:17:in `call'
  actionpack (4.2.6) lib/action_dispatch/middleware/static.rb:120:in `call'
  rack (1.6.4) lib/rack/sendfile.rb:113:in `call'
  railties (4.2.6) lib/rails/engine.rb:518:in `call'
  railties (4.2.6) lib/rails/application.rb:165:in `call'
  rack (1.6.4) lib/rack/lock.rb:17:in `call'
  rack (1.6.4) lib/rack/content_length.rb:15:in `call'
  rack (1.6.4) lib/rack/handler/webrick.rb:88:in `service'
  /Users/pengjunp/.rvm/rubies/ruby-2.3.0/lib/ruby/2.3.0/webrick/httpserver.rb:140:in `service'
  /Users/pengjunp/.rvm/rubies/ruby-2.3.0/lib/ruby/2.3.0/webrick/httpserver.rb:96:in `run'
  /Users/pengjunp/.rvm/rubies/ruby-2.3.0/lib/ruby/2.3.0/webrick/server.rb:296:in `block in start_thread'


  Rendered /Users/pengjunp/.rvm/rubies/ruby-2.3.0/lib/ruby/gems/2.3.0/gems/actionpack-4.2.6/lib/action_dispatch/middleware/templates/rescues/_source.erb (2.9ms)
  Rendered /Users/pengjunp/.rvm/rubies/ruby-2.3.0/lib/ruby/gems/2.3.0/gems/actionpack-4.2.6/lib/action_dispatch/middleware/templates/rescues/_trace.html.erb (1.4ms)
  Rendered /Users/pengjunp/.rvm/rubies/ruby-2.3.0/lib/ruby/gems/2.3.0/gems/actionpack-4.2.6/lib/action_dispatch/middleware/templates/rescues/_request_and_response.html.erb (2.9ms)
  Rendered /Users/pengjunp/.rvm/rubies/ruby-2.3.0/lib/ruby/gems/2.3.0/gems/actionpack-4.2.6/lib/action_dispatch/middleware/templates/rescues/diagnostics.html.erb within rescues/layout (56.8ms)
  Rendered /Users/pengjunp/.rvm/rubies/ruby-2.3.0/lib/ruby/gems/2.3.0/gems/web-console-2.3.0/lib/web_console/templates/_markup.html.erb (0.4ms)
  Rendered /Users/pengjunp/.rvm/rubies/ruby-2.3.0/lib/ruby/gems/2.3.0/gems/web-console-2.3.0/lib/web_console/templates/_inner_console_markup.html.erb within layouts/inlined_string (0.3ms)
  Rendered /Users/pengjunp/.rvm/rubies/ruby-2.3.0/lib/ruby/gems/2.3.0/gems/web-console-2.3.0/lib/web_console/templates/_prompt_box_markup.html.erb within layouts/inlined_string (0.3ms)
  Rendered /Users/pengjunp/.rvm/rubies/ruby-2.3.0/lib/ruby/gems/2.3.0/gems/web-console-2.3.0/lib/web_console/templates/style.css.erb within layouts/inlined_string (0.3ms)
  Rendered /Users/pengjunp/.rvm/rubies/ruby-2.3.0/lib/ruby/gems/2.3.0/gems/web-console-2.3.0/lib/web_console/templates/console.js.erb within layouts/javascript (49.9ms)
  Rendered /Users/pengjunp/.rvm/rubies/ruby-2.3.0/lib/ruby/gems/2.3.0/gems/web-console-2.3.0/lib/web_console/templates/main.js.erb within layouts/javascript (0.3ms)
  Rendered /Users/pengjunp/.rvm/rubies/ruby-2.3.0/lib/ruby/gems/2.3.0/gems/web-console-2.3.0/lib/web_console/templates/error_page.js.erb within layouts/javascript (0.5ms)
  Rendered /Users/pengjunp/.rvm/rubies/ruby-2.3.0/lib/ruby/gems/2.3.0/gems/web-console-2.3.0/lib/web_console/templates/index.html.erb (116.6ms)
  [1m[36m (351.0ms)[0m  [1mCREATE DATABASE "split-it" ENCODING = 'unicode'[0m
  [1m[35mSQL (0.6ms)[0m  CREATE EXTENSION IF NOT EXISTS "plpgsql"
  [1m[36m (19.6ms)[0m  [1mCREATE TABLE "cart_roles" ("id" serial primary key, "user_id" integer, "cart_id" integer, "role_id" integer) [0m
  [1m[35m (2.7ms)[0m  CREATE TABLE "carts" ("id" serial primary key, "status_id" integer, "expiry" timestamp, "minimum_payment" integer, "name" character varying, "total_paid" integer, "target_amount" integer, "created_at" timestamp, "updated_at" timestamp, "key" character varying) 
  [1m[36m (3.7ms)[0m  [1mCREATE TABLE "notification_templates" ("id" serial primary key, "role_id" integer, "email_text" text, "ui_text" text, "description" character varying) [0m
  [1m[35m (1.8ms)[0m  CREATE TABLE "notifications" ("id" serial primary key, "cart_id" integer, "notification_template_id" integer, "created_at" timestamp) 
  [1m[36m (2.0ms)[0m  [1mCREATE TABLE "payments" ("id" serial primary key, "user_id" integer, "cart_id" integer, "amount" integer, "created_at" timestamp, "updated_at" timestamp, "captured" boolean) [0m
  [1m[35m (3.7ms)[0m  CREATE TABLE "products" ("id" serial primary key, "cart_id" integer, "url" character varying, "display_name" character varying, "external_id" character varying, "quantity" integer, "created_at" timestamp, "updated_at" timestamp) 
  [1m[36m (2.6ms)[0m  [1mCREATE TABLE "roles" ("id" serial primary key, "role_text" character varying) [0m
  [1m[35m (3.0ms)[0m  CREATE TABLE "statuses" ("id" serial primary key, "text" character varying) 
  [1m[36m (24.5ms)[0m  [1mCREATE TABLE "users" ("id" serial primary key, "name" character varying, "email" character varying, "password_digest" character varying, "final_boss" boolean DEFAULT 'f', "provider" character varying, "uid" character varying, "oauth_token" character varying, "oauth_expires_at" timestamp) [0m
  [1m[35m (17.2ms)[0m  CREATE TABLE "schema_migrations" ("version" character varying NOT NULL) 
  [1m[36m (2.6ms)[0m  [1mCREATE UNIQUE INDEX  "unique_schema_migrations" ON "schema_migrations"  ("version")[0m
  [1m[35m (0.4ms)[0m  SELECT version FROM "schema_migrations"
  [1m[36m (0.4ms)[0m  [1mINSERT INTO "schema_migrations" (version) VALUES ('20160611204049')[0m
  [1m[35m (0.2ms)[0m  INSERT INTO "schema_migrations" (version) VALUES ('20160610214748')
  [1m[36m (0.2ms)[0m  [1mINSERT INTO "schema_migrations" (version) VALUES ('20160611001315')[0m
  [1m[35mActiveRecord::SchemaMigration Load (0.6ms)[0m  SELECT "schema_migrations".* FROM "schema_migrations"
  [1m[36m (0.2ms)[0m  [1mBEGIN[0m
  [1m[35mSQL (0.4ms)[0m  INSERT INTO "users" ("name", "email", "password_digest") VALUES ($1, $2, $3) RETURNING "id"  [["name", "Flavio Adams DVM"], ["email", "cordelia.abbott@stamm.io"], ["password_digest", "$2a$10$Y3u4Qpmlt8QVNP84mKlH0eS.aJh1SDYg6lJrFZH/TuBM7yAhyHG1u"]]
  [1m[36m (6.2ms)[0m  [1mCOMMIT[0m
  [1m[35m (0.1ms)[0m  BEGIN
  [1m[36mSQL (0.2ms)[0m  [1mINSERT INTO "users" ("name", "email", "password_digest") VALUES ($1, $2, $3) RETURNING "id"[0m  [["name", "Issac Ziemann"], ["email", "miguel@trantow.org"], ["password_digest", "$2a$10$o/QFh/RUCv25nDuNmAgQS.WpPNbp8dUlgFQPmSDKJle06U8BJ7Twm"]]
  [1m[35m (1.2ms)[0m  COMMIT
  [1m[36m (0.1ms)[0m  [1mBEGIN[0m
  [1m[35mSQL (0.2ms)[0m  INSERT INTO "users" ("name", "email", "password_digest") VALUES ($1, $2, $3) RETURNING "id"  [["name", "Miss Arthur Pacocha"], ["email", "raven_mayer@mckenzieemard.io"], ["password_digest", "$2a$10$AuCGwf0YQzXzX1tyH/8PBe1cKZl.p8eIubKUT.Bhk.WOaY3j/TWE."]]
  [1m[36m (1.2ms)[0m  [1mCOMMIT[0m
  [1m[35m (0.1ms)[0m  BEGIN
  [1m[36mSQL (0.2ms)[0m  [1mINSERT INTO "users" ("name", "email", "password_digest") VALUES ($1, $2, $3) RETURNING "id"[0m  [["name", "Dudley Lubowitz"], ["email", "alena@crookchaden.net"], ["password_digest", "$2a$10$ojXryb.Y4TllY9AuLlcCieCX6srrYzU6WQT8NzoAAAHPFdC5Ia7tS"]]
  [1m[35m (1.2ms)[0m  COMMIT
  [1m[36m (0.2ms)[0m  [1mBEGIN[0m
  [1m[35mSQL (0.2ms)[0m  INSERT INTO "users" ("name", "email", "password_digest") VALUES ($1, $2, $3) RETURNING "id"  [["name", "Sandy Champlin"], ["email", "mallory_lemke@bechtelar.org"], ["password_digest", "$2a$10$7KXPev1Viav2BLLexaRT0OOTftWKMy.AKCqU/YrDZhBoARgfO7tQ6"]]
  [1m[36m (1.1ms)[0m  [1mCOMMIT[0m
  [1m[35m (0.1ms)[0m  BEGIN
  [1m[36mSQL (0.1ms)[0m  [1mINSERT INTO "users" ("name", "email", "password_digest", "final_boss") VALUES ($1, $2, $3, $4) RETURNING "id"[0m  [["name", "Chadster"], ["email", "ceebs@faith.com"], ["password_digest", "$2a$10$sGhPG94J.RLm1tUeKaxwRumK4XIxY9gA0ICm.4zi8lcUtNPtrV4Ly"], ["final_boss", "t"]]
  [1m[35m (1.0ms)[0m  COMMIT
  [1m[36m (0.1ms)[0m  [1mBEGIN[0m
  [1m[35mSQL (0.5ms)[0m  INSERT INTO "roles" ("role_text") VALUES ($1) RETURNING "id"  [["role_text", "Organizer"]]
  [1m[36m (0.4ms)[0m  [1mCOMMIT[0m
  [1m[35m (0.1ms)[0m  BEGIN
  [1m[36mSQL (0.1ms)[0m  [1mINSERT INTO "roles" ("role_text") VALUES ($1) RETURNING "id"[0m  [["role_text", "Contributor"]]
  [1m[35m (0.3ms)[0m  COMMIT
  [1m[36m (0.2ms)[0m  [1mBEGIN[0m
  [1m[35mSQL (0.4ms)[0m  INSERT INTO "statuses" ("text") VALUES ($1) RETURNING "id"  [["text", "Pending"]]
  [1m[36m (0.3ms)[0m  [1mCOMMIT[0m
  [1m[35m (0.1ms)[0m  BEGIN
  [1m[36mSQL (0.2ms)[0m  [1mINSERT INTO "statuses" ("text") VALUES ($1) RETURNING "id"[0m  [["text", "Active"]]
  [1m[35m (0.3ms)[0m  COMMIT
  [1m[36m (0.1ms)[0m  [1mBEGIN[0m
  [1m[35mSQL (0.2ms)[0m  INSERT INTO "statuses" ("text") VALUES ($1) RETURNING "id"  [["text", "Cancelled"]]
  [1m[36m (0.3ms)[0m  [1mCOMMIT[0m
  [1m[35m (0.1ms)[0m  BEGIN
  [1m[36mSQL (0.1ms)[0m  [1mINSERT INTO "statuses" ("text") VALUES ($1) RETURNING "id"[0m  [["text", "Achieved"]]
  [1m[35m (0.3ms)[0m  COMMIT
  [1m[36m (0.1ms)[0m  [1mBEGIN[0m
  [1m[35mSQL (0.1ms)[0m  INSERT INTO "statuses" ("text") VALUES ($1) RETURNING "id"  [["text", "Shipped"]]
  [1m[36m (0.3ms)[0m  [1mCOMMIT[0m
  [1m[35m (0.1ms)[0m  BEGIN
  [1m[36mSQL (0.2ms)[0m  [1mINSERT INTO "statuses" ("text") VALUES ($1) RETURNING "id"[0m  [["text", "Archived"]]
  [1m[35m (0.3ms)[0m  COMMIT


Started GET "/" for ::1 at 2016-06-12 11:55:03 -0700
  [1m[36mActiveRecord::SchemaMigration Load (0.3ms)[0m  [1mSELECT "schema_migrations".* FROM "schema_migrations"[0m
Processing by UsersController#index as HTML
  Rendered users/index.html.erb within layouts/application (0.8ms)
Completed 200 OK in 1123ms (Views: 1087.9ms | ActiveRecord: 3.2ms)


Started GET "/assets/carts.self-e3b0c44298fc1c149afbf4c8996fb92427ae41e4649b934ca495991b7852b855.css?body=1" for ::1 at 2016-06-12 11:55:04 -0700


Started GET "/assets/charges.self-e3b0c44298fc1c149afbf4c8996fb92427ae41e4649b934ca495991b7852b855.css?body=1" for ::1 at 2016-06-12 11:55:04 -0700


Started GET "/assets/sessions.self-e3b0c44298fc1c149afbf4c8996fb92427ae41e4649b934ca495991b7852b855.css?body=1" for ::1 at 2016-06-12 11:55:04 -0700


Started GET "/assets/omniauth_sessions.self-e3b0c44298fc1c149afbf4c8996fb92427ae41e4649b934ca495991b7852b855.css?body=1" for ::1 at 2016-06-12 11:55:04 -0700


Started GET "/assets/products.self-e3b0c44298fc1c149afbf4c8996fb92427ae41e4649b934ca495991b7852b855.css?body=1" for ::1 at 2016-06-12 11:55:04 -0700


Started GET "/assets/users.self-e3b0c44298fc1c149afbf4c8996fb92427ae41e4649b934ca495991b7852b855.css?body=1" for ::1 at 2016-06-12 11:55:04 -0700


Started GET "/assets/application.self-e80e8f2318043e8af94dddc2adad5a4f09739a8ebb323b3ab31cd71d45fd9113.css?body=1" for ::1 at 2016-06-12 11:55:04 -0700


Started GET "/assets/carts.self-33d4747d6eee9dc2e21e060b5d49666af0cf1b25ff188432ac969697a800d28f.js?body=1" for ::1 at 2016-06-12 11:55:04 -0700


Started GET "/assets/charges.self-877aef30ae1b040ab8a3aba4e3e309a11d7f2612f44dde450b5c157aa5f95c05.js?body=1" for ::1 at 2016-06-12 11:55:04 -0700


Started GET "/assets/omniauth_sessions.self-877aef30ae1b040ab8a3aba4e3e309a11d7f2612f44dde450b5c157aa5f95c05.js?body=1" for ::1 at 2016-06-12 11:55:04 -0700


Started GET "/assets/products.self-877aef30ae1b040ab8a3aba4e3e309a11d7f2612f44dde450b5c157aa5f95c05.js?body=1" for ::1 at 2016-06-12 11:55:04 -0700


Started GET "/assets/sessions.self-877aef30ae1b040ab8a3aba4e3e309a11d7f2612f44dde450b5c157aa5f95c05.js?body=1" for ::1 at 2016-06-12 11:55:04 -0700


Started GET "/assets/users.self-557df7f2a0fadf6e63a6abe2f47c00a691c0b809674d3095207e7a5bbb276683.js?body=1" for ::1 at 2016-06-12 11:55:04 -0700


Started GET "/assets/application.self-ff37150ddc1568b3e47c84cb351e6658c3efed29296498e0fcd458c1691a781b.js?body=1" for ::1 at 2016-06-12 11:55:04 -0700


Started GET "/assets/jquery_ujs.self-e87806d0cf4489aeb1bb7288016024e8de67fd18db693fe026fe3907581e53cd.js?body=1" for ::1 at 2016-06-12 11:55:04 -0700


Started GET "/assets/jquery.self-660adc51e0224b731d29f575a6f1ec167ba08ad06ed5deca4f1e8654c135bf4c.js?body=1" for ::1 at 2016-06-12 11:55:04 -0700


Started GET "/assets/turbolinks.self-c37727e9bd6b2735da5c311aa83fead54ed0be6cc8bd9a65309e9c5abe2cbfff.js?body=1" for ::1 at 2016-06-12 11:55:04 -0700


Started GET "/auth/facebook" for ::1 at 2016-06-12 11:55:08 -0700
(facebook) Request phase initiated.


Started GET "/auth/facebook" for ::1 at 2016-06-12 11:55:08 -0700
(facebook) Request phase initiated.
  [1m[36mUser Load (0.6ms)[0m  [1mSELECT  "users".* FROM "users"  ORDER BY "users"."id" ASC LIMIT 1[0m


Started POST "/sessions" for ::1 at 2016-06-12 11:56:51 -0700
Processing by SessionsController#create as HTML
  Parameters: {"utf8"=>"✓", "authenticity_token"=>"nrr+UID3SzCFMSMsWRjxK/5+i7P5up5wkMPHlCaq1JkWxcesb1KZb5Y6zpJPaBL7EUDou8kV1HxDFNQS8lx5ow==", "email"=>"cordelia.abbott@stamm.io", "password"=>"[FILTERED]", "commit"=>"Submit"}
  [1m[35mUser Load (0.3ms)[0m  SELECT  "users".* FROM "users" WHERE "users"."email" = $1 LIMIT 1  [["email", "cordelia.abbott@stamm.io"]]
Redirected to http://localhost:3000/
Completed 302 Found in 77ms (ActiveRecord: 0.5ms)


Started GET "/" for ::1 at 2016-06-12 11:56:51 -0700
Processing by UsersController#index as HTML
  [1m[36mUser Load (0.2ms)[0m  [1mSELECT  "users".* FROM "users" WHERE "users"."id" = $1 LIMIT 1[0m  [["id", 1]]
  [1m[35mCart Load (0.4ms)[0m  SELECT "carts".* FROM "carts"
  Rendered users/index.html.erb within layouts/application (20.3ms)
Completed 200 OK in 69ms (Views: 47.0ms | ActiveRecord: 0.5ms)


Started POST "/carts" for ::1 at 2016-06-12 11:57:44 -0700
Processing by CartsController#create as HTML
  Parameters: {"utf8"=>"✓", "authenticity_token"=>"DYmWKTDak1NGFwQzNPFvP6JukcGrw08Xj+EIlpdS+gCF9q/V339BDFUc6Y0igYzvTVDyyZtsBRtcNhsQQ6RXOg==", "cart"=>{"name"=>"Gift for Chadster", "minimum_payment"=>"10", "expiry"=>"2016-06-30"}, "commit"=>"Submit"}
  [1m[36mUser Load (0.3ms)[0m  [1mSELECT  "users".* FROM "users" WHERE "users"."id" = $1 LIMIT 1[0m  [["id", 1]]
  [1m[35m (0.1ms)[0m  BEGIN
  [1m[36mSQL (0.4ms)[0m  [1mINSERT INTO "carts" ("name", "expiry", "minimum_payment", "status_id", "key", "created_at", "updated_at") VALUES ($1, $2, $3, $4, $5, $6, $7) RETURNING "id"[0m  [["name", "Gift for Chadster"], ["expiry", "2016-06-30 00:00:00.000000"], ["minimum_payment", 10], ["status_id", 1], ["key", "00de0dbf-cc01-421a-a695-612a01c2d5de"], ["created_at", "2016-06-12 18:57:44.101133"], ["updated_at", "2016-06-12 18:57:44.101133"]]
  [1m[35m (0.3ms)[0m  COMMIT
  [1m[36m (0.1ms)[0m  [1mBEGIN[0m
  [1m[35m (0.1ms)[0m  COMMIT
  [1m[36m (0.1ms)[0m  [1mBEGIN[0m
  [1m[35mSQL (0.4ms)[0m  INSERT INTO "cart_roles" ("user_id", "cart_id", "role_id") VALUES ($1, $2, $3) RETURNING "id"  [["user_id", 1], ["cart_id", 1], ["role_id", 1]]
  [1m[36m (6.3ms)[0m  [1mCOMMIT[0m
Redirected to http://localhost:3000/carts/1
Completed 302 Found in 34ms (ActiveRecord: 9.2ms)


Started GET "/carts/1" for ::1 at 2016-06-12 11:57:44 -0700
Processing by CartsController#show as HTML
  Parameters: {"id"=>"1"}
  [1m[35mUser Load (0.2ms)[0m  SELECT  "users".* FROM "users" WHERE "users"."id" = $1 LIMIT 1  [["id", 1]]
  [1m[36mCart Load (0.2ms)[0m  [1mSELECT  "carts".* FROM "carts" WHERE "carts"."id" = $1 LIMIT 1[0m  [["id", 1]]
  [1m[35mUser Load (0.5ms)[0m  SELECT "users".* FROM "users" INNER JOIN cart_roles ON cart_roles.user_id = users.id INNER JOIN carts ON carts.id = cart_roles.cart_id
  [1m[36mCartRole Load (0.2ms)[0m  [1mSELECT "cart_roles".* FROM "cart_roles" WHERE "cart_roles"."cart_id" = $1[0m  [["cart_id", 1]]
  Rendered carts/show.html.erb within layouts/application (1.4ms)
Completed 200 OK in 45ms (Views: 32.9ms | ActiveRecord: 1.1ms)


Started GET "/carts/1" for ::1 at 2016-06-12 11:57:48 -0700
Processing by CartsController#show as HTML
  Parameters: {"id"=>"1"}
  [1m[35mUser Load (0.2ms)[0m  SELECT  "users".* FROM "users" WHERE "users"."id" = $1 LIMIT 1  [["id", 1]]
  [1m[36mCart Load (0.2ms)[0m  [1mSELECT  "carts".* FROM "carts" WHERE "carts"."id" = $1 LIMIT 1[0m  [["id", 1]]
  [1m[35mUser Load (0.5ms)[0m  SELECT "users".* FROM "users" INNER JOIN cart_roles ON cart_roles.user_id = users.id INNER JOIN carts ON carts.id = cart_roles.cart_id
  [1m[36mCartRole Load (0.2ms)[0m  [1mSELECT "cart_roles".* FROM "cart_roles" WHERE "cart_roles"."cart_id" = $1[0m  [["cart_id", 1]]
  Rendered carts/show.html.erb within layouts/application (0.1ms)
Completed 200 OK in 43ms (Views: 37.5ms | ActiveRecord: 1.1ms)


Started GET "/assets/omniauth_sessions.self-e3b0c44298fc1c149afbf4c8996fb92427ae41e4649b934ca495991b7852b855.css?body=1" for ::1 at 2016-06-12 11:57:48 -0700


Started GET "/assets/products.self-e3b0c44298fc1c149afbf4c8996fb92427ae41e4649b934ca495991b7852b855.css?body=1" for ::1 at 2016-06-12 11:57:48 -0700


Started GET "/assets/sessions.self-e3b0c44298fc1c149afbf4c8996fb92427ae41e4649b934ca495991b7852b855.css?body=1" for ::1 at 2016-06-12 11:57:48 -0700


Started GET "/assets/users.self-e3b0c44298fc1c149afbf4c8996fb92427ae41e4649b934ca495991b7852b855.css?body=1" for ::1 at 2016-06-12 11:57:48 -0700


Started GET "/assets/charges.self-e3b0c44298fc1c149afbf4c8996fb92427ae41e4649b934ca495991b7852b855.css?body=1" for ::1 at 2016-06-12 11:57:48 -0700


Started GET "/assets/carts.self-e3b0c44298fc1c149afbf4c8996fb92427ae41e4649b934ca495991b7852b855.css?body=1" for ::1 at 2016-06-12 11:57:48 -0700


Started GET "/assets/turbolinks.self-c37727e9bd6b2735da5c311aa83fead54ed0be6cc8bd9a65309e9c5abe2cbfff.js?body=1" for ::1 at 2016-06-12 11:57:48 -0700


Started GET "/assets/application.self-e80e8f2318043e8af94dddc2adad5a4f09739a8ebb323b3ab31cd71d45fd9113.css?body=1" for ::1 at 2016-06-12 11:57:48 -0700


Started GET "/assets/jquery.self-660adc51e0224b731d29f575a6f1ec167ba08ad06ed5deca4f1e8654c135bf4c.js?body=1" for ::1 at 2016-06-12 11:57:48 -0700


Started GET "/assets/jquery_ujs.self-e87806d0cf4489aeb1bb7288016024e8de67fd18db693fe026fe3907581e53cd.js?body=1" for ::1 at 2016-06-12 11:57:48 -0700


Started GET "/assets/products.self-877aef30ae1b040ab8a3aba4e3e309a11d7f2612f44dde450b5c157aa5f95c05.js?body=1" for ::1 at 2016-06-12 11:57:48 -0700


Started GET "/assets/omniauth_sessions.self-877aef30ae1b040ab8a3aba4e3e309a11d7f2612f44dde450b5c157aa5f95c05.js?body=1" for ::1 at 2016-06-12 11:57:48 -0700


Started GET "/assets/carts.self-33d4747d6eee9dc2e21e060b5d49666af0cf1b25ff188432ac969697a800d28f.js?body=1" for ::1 at 2016-06-12 11:57:48 -0700


Started GET "/assets/users.self-557df7f2a0fadf6e63a6abe2f47c00a691c0b809674d3095207e7a5bbb276683.js?body=1" for ::1 at 2016-06-12 11:57:48 -0700


Started GET "/assets/sessions.self-877aef30ae1b040ab8a3aba4e3e309a11d7f2612f44dde450b5c157aa5f95c05.js?body=1" for ::1 at 2016-06-12 11:57:48 -0700


Started GET "/assets/charges.self-877aef30ae1b040ab8a3aba4e3e309a11d7f2612f44dde450b5c157aa5f95c05.js?body=1" for ::1 at 2016-06-12 11:57:48 -0700


Started GET "/assets/application.self-ff37150ddc1568b3e47c84cb351e6658c3efed29296498e0fcd458c1691a781b.js?body=1" for ::1 at 2016-06-12 11:57:48 -0700


Started GET "/carts/1" for ::1 at 2016-06-12 11:57:51 -0700
Processing by CartsController#show as HTML
  Parameters: {"id"=>"1"}
  [1m[35mUser Load (0.3ms)[0m  SELECT  "users".* FROM "users" WHERE "users"."id" = $1 LIMIT 1  [["id", 1]]
  [1m[36mCart Load (0.2ms)[0m  [1mSELECT  "carts".* FROM "carts" WHERE "carts"."id" = $1 LIMIT 1[0m  [["id", 1]]
  [1m[35mUser Load (0.4ms)[0m  SELECT "users".* FROM "users" INNER JOIN cart_roles ON cart_roles.user_id = users.id INNER JOIN carts ON carts.id = cart_roles.cart_id
  [1m[36mCartRole Load (0.2ms)[0m  [1mSELECT "cart_roles".* FROM "cart_roles" WHERE "cart_roles"."cart_id" = $1[0m  [["cart_id", 1]]
  Rendered carts/show.html.erb within layouts/application (0.2ms)
Completed 200 OK in 39ms (Views: 34.4ms | ActiveRecord: 1.0ms)


Started GET "/assets/charges.self-e3b0c44298fc1c149afbf4c8996fb92427ae41e4649b934ca495991b7852b855.css?body=1" for ::1 at 2016-06-12 11:57:51 -0700


Started GET "/assets/products.self-e3b0c44298fc1c149afbf4c8996fb92427ae41e4649b934ca495991b7852b855.css?body=1" for ::1 at 2016-06-12 11:57:51 -0700


Started GET "/assets/carts.self-e3b0c44298fc1c149afbf4c8996fb92427ae41e4649b934ca495991b7852b855.css?body=1" for ::1 at 2016-06-12 11:57:51 -0700


Started GET "/assets/omniauth_sessions.self-e3b0c44298fc1c149afbf4c8996fb92427ae41e4649b934ca495991b7852b855.css?body=1" for ::1 at 2016-06-12 11:57:51 -0700


Started GET "/assets/sessions.self-e3b0c44298fc1c149afbf4c8996fb92427ae41e4649b934ca495991b7852b855.css?body=1" for ::1 at 2016-06-12 11:57:51 -0700


Started GET "/assets/users.self-e3b0c44298fc1c149afbf4c8996fb92427ae41e4649b934ca495991b7852b855.css?body=1" for ::1 at 2016-06-12 11:57:51 -0700


Started GET "/assets/application.self-e80e8f2318043e8af94dddc2adad5a4f09739a8ebb323b3ab31cd71d45fd9113.css?body=1" for ::1 at 2016-06-12 11:57:51 -0700


Started GET "/assets/jquery.self-660adc51e0224b731d29f575a6f1ec167ba08ad06ed5deca4f1e8654c135bf4c.js?body=1" for ::1 at 2016-06-12 11:57:51 -0700


Started GET "/assets/jquery_ujs.self-e87806d0cf4489aeb1bb7288016024e8de67fd18db693fe026fe3907581e53cd.js?body=1" for ::1 at 2016-06-12 11:57:51 -0700


Started GET "/assets/turbolinks.self-c37727e9bd6b2735da5c311aa83fead54ed0be6cc8bd9a65309e9c5abe2cbfff.js?body=1" for ::1 at 2016-06-12 11:57:51 -0700


Started GET "/assets/carts.self-33d4747d6eee9dc2e21e060b5d49666af0cf1b25ff188432ac969697a800d28f.js?body=1" for ::1 at 2016-06-12 11:57:51 -0700


Started GET "/assets/charges.self-877aef30ae1b040ab8a3aba4e3e309a11d7f2612f44dde450b5c157aa5f95c05.js?body=1" for ::1 at 2016-06-12 11:57:51 -0700


Started GET "/assets/omniauth_sessions.self-877aef30ae1b040ab8a3aba4e3e309a11d7f2612f44dde450b5c157aa5f95c05.js?body=1" for ::1 at 2016-06-12 11:57:51 -0700


Started GET "/assets/products.self-877aef30ae1b040ab8a3aba4e3e309a11d7f2612f44dde450b5c157aa5f95c05.js?body=1" for ::1 at 2016-06-12 11:57:51 -0700


Started GET "/assets/sessions.self-877aef30ae1b040ab8a3aba4e3e309a11d7f2612f44dde450b5c157aa5f95c05.js?body=1" for ::1 at 2016-06-12 11:57:51 -0700


Started GET "/assets/users.self-557df7f2a0fadf6e63a6abe2f47c00a691c0b809674d3095207e7a5bbb276683.js?body=1" for ::1 at 2016-06-12 11:57:51 -0700


Started GET "/assets/application.self-ff37150ddc1568b3e47c84cb351e6658c3efed29296498e0fcd458c1691a781b.js?body=1" for ::1 at 2016-06-12 11:57:51 -0700


Started GET "/carts/1" for ::1 at 2016-06-12 12:00:17 -0700
Processing by CartsController#show as HTML
  Parameters: {"id"=>"1"}
  [1m[35mUser Load (0.2ms)[0m  SELECT  "users".* FROM "users" WHERE "users"."id" = $1 LIMIT 1  [["id", 1]]
  [1m[36mCart Load (0.2ms)[0m  [1mSELECT  "carts".* FROM "carts" WHERE "carts"."id" = $1 LIMIT 1[0m  [["id", 1]]
  [1m[35mUser Load (0.4ms)[0m  SELECT "users".* FROM "users" INNER JOIN cart_roles ON cart_roles.user_id = users.id INNER JOIN carts ON carts.id = cart_roles.cart_id
  [1m[36mCartRole Load (0.2ms)[0m  [1mSELECT "cart_roles".* FROM "cart_roles" WHERE "cart_roles"."cart_id" = $1[0m  [["cart_id", 1]]
  Rendered carts/show.html.erb within layouts/application (0.8ms)
Completed 200 OK in 26ms (Views: 22.6ms | ActiveRecord: 1.0ms)


Started GET "/assets/omniauth_sessions.self-e3b0c44298fc1c149afbf4c8996fb92427ae41e4649b934ca495991b7852b855.css?body=1" for ::1 at 2016-06-12 12:00:18 -0700


Started GET "/assets/charges.self-e3b0c44298fc1c149afbf4c8996fb92427ae41e4649b934ca495991b7852b855.css?body=1" for ::1 at 2016-06-12 12:00:18 -0700


Started GET "/assets/products.self-e3b0c44298fc1c149afbf4c8996fb92427ae41e4649b934ca495991b7852b855.css?body=1" for ::1 at 2016-06-12 12:00:18 -0700


Started GET "/assets/sessions.self-e3b0c44298fc1c149afbf4c8996fb92427ae41e4649b934ca495991b7852b855.css?body=1" for ::1 at 2016-06-12 12:00:18 -0700


Started GET "/assets/carts.self-e3b0c44298fc1c149afbf4c8996fb92427ae41e4649b934ca495991b7852b855.css?body=1" for ::1 at 2016-06-12 12:00:18 -0700


Started GET "/assets/users.self-e3b0c44298fc1c149afbf4c8996fb92427ae41e4649b934ca495991b7852b855.css?body=1" for ::1 at 2016-06-12 12:00:18 -0700


Started GET "/assets/application.self-e80e8f2318043e8af94dddc2adad5a4f09739a8ebb323b3ab31cd71d45fd9113.css?body=1" for ::1 at 2016-06-12 12:00:18 -0700


Started GET "/assets/jquery.self-660adc51e0224b731d29f575a6f1ec167ba08ad06ed5deca4f1e8654c135bf4c.js?body=1" for ::1 at 2016-06-12 12:00:18 -0700


Started GET "/assets/jquery_ujs.self-e87806d0cf4489aeb1bb7288016024e8de67fd18db693fe026fe3907581e53cd.js?body=1" for ::1 at 2016-06-12 12:00:18 -0700


Started GET "/assets/turbolinks.self-c37727e9bd6b2735da5c311aa83fead54ed0be6cc8bd9a65309e9c5abe2cbfff.js?body=1" for ::1 at 2016-06-12 12:00:18 -0700


Started GET "/assets/carts.self-33d4747d6eee9dc2e21e060b5d49666af0cf1b25ff188432ac969697a800d28f.js?body=1" for ::1 at 2016-06-12 12:00:18 -0700


Started GET "/assets/charges.self-877aef30ae1b040ab8a3aba4e3e309a11d7f2612f44dde450b5c157aa5f95c05.js?body=1" for ::1 at 2016-06-12 12:00:18 -0700


Started GET "/assets/omniauth_sessions.self-877aef30ae1b040ab8a3aba4e3e309a11d7f2612f44dde450b5c157aa5f95c05.js?body=1" for ::1 at 2016-06-12 12:00:18 -0700


Started GET "/assets/products.self-877aef30ae1b040ab8a3aba4e3e309a11d7f2612f44dde450b5c157aa5f95c05.js?body=1" for ::1 at 2016-06-12 12:00:18 -0700


Started GET "/assets/sessions.self-877aef30ae1b040ab8a3aba4e3e309a11d7f2612f44dde450b5c157aa5f95c05.js?body=1" for ::1 at 2016-06-12 12:00:18 -0700


Started GET "/assets/users.self-557df7f2a0fadf6e63a6abe2f47c00a691c0b809674d3095207e7a5bbb276683.js?body=1" for ::1 at 2016-06-12 12:00:18 -0700


Started GET "/assets/application.self-ff37150ddc1568b3e47c84cb351e6658c3efed29296498e0fcd458c1691a781b.js?body=1" for ::1 at 2016-06-12 12:00:18 -0700


Started GET "/carts/1" for ::1 at 2016-06-12 12:01:57 -0700
Processing by CartsController#show as HTML
  Parameters: {"id"=>"1"}
  [1m[35mUser Load (0.2ms)[0m  SELECT  "users".* FROM "users" WHERE "users"."id" = $1 LIMIT 1  [["id", 1]]
  [1m[36mCart Load (0.2ms)[0m  [1mSELECT  "carts".* FROM "carts" WHERE "carts"."id" = $1 LIMIT 1[0m  [["id", 1]]
  [1m[35mUser Load (0.4ms)[0m  SELECT "users".* FROM "users" INNER JOIN cart_roles ON cart_roles.user_id = users.id INNER JOIN carts ON carts.id = cart_roles.cart_id
  [1m[36mCartRole Load (0.2ms)[0m  [1mSELECT "cart_roles".* FROM "cart_roles" WHERE "cart_roles"."cart_id" = $1[0m  [["cart_id", 1]]
  Rendered carts/show.html.erb within layouts/application (0.4ms)
Completed 200 OK in 25ms (Views: 22.1ms | ActiveRecord: 0.9ms)


Started GET "/assets/carts.self-e3b0c44298fc1c149afbf4c8996fb92427ae41e4649b934ca495991b7852b855.css?body=1" for ::1 at 2016-06-12 12:01:58 -0700


Started GET "/assets/omniauth_sessions.self-e3b0c44298fc1c149afbf4c8996fb92427ae41e4649b934ca495991b7852b855.css?body=1" for ::1 at 2016-06-12 12:01:58 -0700


Started GET "/assets/charges.self-e3b0c44298fc1c149afbf4c8996fb92427ae41e4649b934ca495991b7852b855.css?body=1" for ::1 at 2016-06-12 12:01:58 -0700


Started GET "/assets/products.self-e3b0c44298fc1c149afbf4c8996fb92427ae41e4649b934ca495991b7852b855.css?body=1" for ::1 at 2016-06-12 12:01:58 -0700


Started GET "/assets/sessions.self-e3b0c44298fc1c149afbf4c8996fb92427ae41e4649b934ca495991b7852b855.css?body=1" for ::1 at 2016-06-12 12:01:58 -0700


Started GET "/assets/application.self-e80e8f2318043e8af94dddc2adad5a4f09739a8ebb323b3ab31cd71d45fd9113.css?body=1" for ::1 at 2016-06-12 12:01:58 -0700


Started GET "/assets/users.self-e3b0c44298fc1c149afbf4c8996fb92427ae41e4649b934ca495991b7852b855.css?body=1" for ::1 at 2016-06-12 12:01:58 -0700


Started GET "/assets/jquery.self-660adc51e0224b731d29f575a6f1ec167ba08ad06ed5deca4f1e8654c135bf4c.js?body=1" for ::1 at 2016-06-12 12:01:58 -0700


Started GET "/assets/jquery_ujs.self-e87806d0cf4489aeb1bb7288016024e8de67fd18db693fe026fe3907581e53cd.js?body=1" for ::1 at 2016-06-12 12:01:58 -0700


Started GET "/assets/turbolinks.self-c37727e9bd6b2735da5c311aa83fead54ed0be6cc8bd9a65309e9c5abe2cbfff.js?body=1" for ::1 at 2016-06-12 12:01:58 -0700


Started GET "/assets/carts.self-33d4747d6eee9dc2e21e060b5d49666af0cf1b25ff188432ac969697a800d28f.js?body=1" for ::1 at 2016-06-12 12:01:58 -0700


Started GET "/assets/charges.self-877aef30ae1b040ab8a3aba4e3e309a11d7f2612f44dde450b5c157aa5f95c05.js?body=1" for ::1 at 2016-06-12 12:01:58 -0700


Started GET "/assets/omniauth_sessions.self-877aef30ae1b040ab8a3aba4e3e309a11d7f2612f44dde450b5c157aa5f95c05.js?body=1" for ::1 at 2016-06-12 12:01:58 -0700


Started GET "/assets/sessions.self-877aef30ae1b040ab8a3aba4e3e309a11d7f2612f44dde450b5c157aa5f95c05.js?body=1" for ::1 at 2016-06-12 12:01:58 -0700


Started GET "/assets/products.self-877aef30ae1b040ab8a3aba4e3e309a11d7f2612f44dde450b5c157aa5f95c05.js?body=1" for ::1 at 2016-06-12 12:01:58 -0700


Started GET "/assets/users.self-557df7f2a0fadf6e63a6abe2f47c00a691c0b809674d3095207e7a5bbb276683.js?body=1" for ::1 at 2016-06-12 12:01:58 -0700


Started GET "/assets/application.self-ff37150ddc1568b3e47c84cb351e6658c3efed29296498e0fcd458c1691a781b.js?body=1" for ::1 at 2016-06-12 12:01:58 -0700


Started GET "/invite/00de0dbf-cc01-421a-a695-612a01c2d5de" for ::1 at 2016-06-12 12:02:01 -0700
Processing by CartsController#invite as HTML
  Parameters: {"key"=>"00de0dbf-cc01-421a-a695-612a01c2d5de"}
  [1m[35mUser Load (0.2ms)[0m  SELECT  "users".* FROM "users" WHERE "users"."id" = $1 LIMIT 1  [["id", 1]]
  [1m[36mCart Load (0.2ms)[0m  [1mSELECT  "carts".* FROM "carts" WHERE "carts"."key" = $1 LIMIT 1[0m  [["key", "00de0dbf-cc01-421a-a695-612a01c2d5de"]]
  [1m[35mCartRole Load (0.2ms)[0m  SELECT "cart_roles".* FROM "cart_roles" WHERE "cart_roles"."cart_id" = $1  [["cart_id", 1]]
  Rendered carts/invite.html.erb within layouts/application (1.3ms)
Completed 200 OK in 28ms (Views: 24.7ms | ActiveRecord: 0.5ms)
